<?xml version="1.0" encoding="UTF-8"?>
<testng-results ignored="3" total="4" passed="0" failed="1" skipped="0">
  <reporter-output>
  </reporter-output>
  <suite started-at="2024-01-28T12:23:54 BDT" name="Default suite" finished-at="2024-01-28T12:24:39 BDT" duration-ms="44944">
    <groups>
    </groups>
    <test started-at="2024-01-28T12:23:54 BDT" name="Default test" finished-at="2024-01-28T12:24:39 BDT" duration-ms="44944">
      <class name="com.tutorialsninja.qa.testcases.register">
        <test-method is-config="true" signature="setup()[pri:0, instance:com.tutorialsninja.qa.testcases.register@37d4349f]" started-at="2024-01-28T12:23:55 BDT" name="setup" finished-at="2024-01-28T12:24:34 BDT" duration-ms="39957" status="PASS">
          <reporter-output>
          </reporter-output>
        </test-method> <!-- setup -->
        <test-method signature="verifyRegisteringAnAccountWithoutAllDetails()[pri:4, instance:com.tutorialsninja.qa.testcases.register@37d4349f]" started-at="2024-01-28T12:24:34 BDT" name="verifyRegisteringAnAccountWithoutAllDetails" finished-at="2024-01-28T12:24:37 BDT" duration-ms="2632" status="FAIL">
          <exception class="java.lang.NullPointerException">
            <message>
              <![CDATA[Cannot invoke "java.lang.CharSequence.toString()" because "s" is null]]>
            </message>
            <full-stacktrace>
              <![CDATA[java.lang.NullPointerException: Cannot invoke "java.lang.CharSequence.toString()" because "s" is null
at java.base/java.lang.String.contains(String.java:2862)
at com.tutorialsninja.qa.pages.RegisterPage.displayStatusOfWarningMessages(RegisterPage.java:167)
at com.tutorialsninja.qa.testcases.register.verifyRegisteringAnAccountWithoutAllDetails(register.java:98)
at java.base/jdk.internal.reflect.DirectMethodHandleAccessor.invoke(DirectMethodHandleAccessor.java:104)
at java.base/java.lang.reflect.Method.invoke(Method.java:578)
at org.testng.internal.MethodInvocationHelper.invokeMethod(MethodInvocationHelper.java:133)
at org.testng.internal.TestInvoker.invokeMethod(TestInvoker.java:598)
at org.testng.internal.TestInvoker.invokeTestMethod(TestInvoker.java:173)
at org.testng.internal.MethodRunner.runInSequence(MethodRunner.java:46)
at org.testng.internal.TestInvoker$MethodInvocationAgent.invoke(TestInvoker.java:824)
at org.testng.internal.TestInvoker.invokeTestMethods(TestInvoker.java:146)
at org.testng.internal.TestMethodWorker.invokeTestMethods(TestMethodWorker.java:146)
at org.testng.internal.TestMethodWorker.run(TestMethodWorker.java:128)
at java.base/java.util.ArrayList.forEach(ArrayList.java:1511)
at org.testng.TestRunner.privateRun(TestRunner.java:794)
at org.testng.TestRunner.run(TestRunner.java:596)
at org.testng.SuiteRunner.runTest(SuiteRunner.java:377)
at org.testng.SuiteRunner.runSequentially(SuiteRunner.java:371)
at org.testng.SuiteRunner.privateRun(SuiteRunner.java:332)
at org.testng.SuiteRunner.run(SuiteRunner.java:276)
at org.testng.SuiteRunnerWorker.runSuite(SuiteRunnerWorker.java:53)
at org.testng.SuiteRunnerWorker.run(SuiteRunnerWorker.java:96)
at org.testng.TestNG.runSuitesSequentially(TestNG.java:1212)
at org.testng.TestNG.runSuitesLocally(TestNG.java:1134)
at org.testng.TestNG.runSuites(TestNG.java:1063)
at org.testng.TestNG.run(TestNG.java:1031)
at org.testng.remote.AbstractRemoteTestNG.run(AbstractRemoteTestNG.java:115)
at org.testng.remote.RemoteTestNG.initAndRun(RemoteTestNG.java:251)
at org.testng.remote.RemoteTestNG.main(RemoteTestNG.java:77)
]]>
            </full-stacktrace>
          </exception> <!-- java.lang.NullPointerException -->
          <reporter-output>
          </reporter-output>
        </test-method> <!-- verifyRegisteringAnAccountWithoutAllDetails -->
        <test-method is-config="true" signature="tearDown()[pri:0, instance:com.tutorialsninja.qa.testcases.register@37d4349f]" started-at="2024-01-28T12:24:37 BDT" name="tearDown" finished-at="2024-01-28T12:24:39 BDT" duration-ms="2236" status="PASS">
          <reporter-output>
          </reporter-output>
        </test-method> <!-- tearDown -->
      </class> <!-- com.tutorialsninja.qa.testcases.register -->
    </test> <!-- Default test -->
  </suite> <!-- Default suite -->
</testng-results>
